#
# There is insufficient memory for the Java Runtime Environment to continue.
# Native memory allocation (malloc) failed to allocate 32744 bytes for ChunkPool::allocate
# Possible reasons:
#   The system is out of physical RAM or swap space
#   The process is running with CompressedOops enabled, and the Java Heap may be blocking the growth of the native heap
# Possible solutions:
#   Reduce memory load on the system
#   Increase physical memory or swap space
#   Check if swap backing store is full
#   Decrease Java heap size (-Xmx/-Xms)
#   Decrease number of Java threads
#   Decrease Java thread stack sizes (-Xss)
#   Set larger code cache with -XX:ReservedCodeCacheSize=
#   JVM is running with Zero Based Compressed Oops mode in which the Java heap is
#     placed in the first 32GB address space. The Java Heap base address is the
#     maximum limit for the native heap growth. Please use -XX:HeapBaseMinAddress
#     to set the Java Heap base and to place the Java Heap above 32GB virtual address.
# This output file may be truncated or incomplete.
#
#  Out of Memory Error (t:/workspace/open/src/hotspot/share/memory/arena.cpp:81), pid=24000, tid=7152
#
# JRE version: Java(TM) SE Runtime Environment (11.0+28) (build 11+28)
# Java VM: Java HotSpot(TM) 64-Bit Server VM (11+28, mixed mode, tiered, compressed oops, g1 gc, windows-amd64)
# No core dump will be written. Minidumps are not enabled by default on client versions of Windows
#

---------------  S U M M A R Y ------------

Command Line: -javaagent:E:\IDE\IDEA\IntelliJ IDEA 2019.2.4\lib\idea_rt.jar=54045:E:\IDE\IDEA\IntelliJ IDEA 2019.2.4\bin -Dfile.encoding=UTF-8 sparksql.wc.SparkWordCount

Host: Intel(R) Core(TM) i7-8700 CPU @ 3.20GHz, 12 cores, 15G,  Windows 10 , 64 bit Build 17763 (10.0.17763.1158)
Time: Mon Jul 20 14:38:20 2020 ?D1¨²¡À¨º¡Á?¨º¡À?? elapsed time: 6 seconds (0d 0h 0m 6s)

---------------  T H R E A D  ---------------

Current thread (0x00000280d949c000):  JavaThread "C2 CompilerThread0" daemon [_thread_in_native, id=7152, stack(0x000000bbe1400000,0x000000bbe1500000)]


Current CompileTask:
C2:   6477 1966   !   4       jdk.internal.loader.URLClassPath$JarLoader::getResource (353 bytes)

Stack: [0x000000bbe1400000,0x000000bbe1500000]
Native frames: (J=compiled Java code, j=interpreted, Vv=VM code, C=native code)
V  [jvm.dll+0x63c22a]
V  [jvm.dll+0x7797ef]
V  [jvm.dll+0x77adda]
V  [jvm.dll+0x77b493]
V  [jvm.dll+0x262818]
V  [jvm.dll+0xc5e9b]
V  [jvm.dll+0xc61fc]
V  [jvm.dll+0x5cae1e]
V  [jvm.dll+0x5cf8de]
V  [jvm.dll+0x5d0055]
V  [jvm.dll+0x5cedbe]
V  [jvm.dll+0x21c68d]
V  [jvm.dll+0x21b98a]
V  [jvm.dll+0x198390]
V  [jvm.dll+0x22a99f]
V  [jvm.dll+0x228fb8]
V  [jvm.dll+0x73f04d]
V  [jvm.dll+0x63b2c2]
C  [ucrtbase.dll+0x21ffa]
C  [KERNEL32.DLL+0x17974]
C  [ntdll.dll+0x6a271]


---------------  P R O C E S S  ---------------

Threads class SMR info:
_java_thread_list=0x00000280da3c70f0, length=23, elements={
0x00000280b2ced800, 0x00000280d93ff800, 0x00000280d9403000, 0x00000280d9496800,
0x00000280d9498800, 0x00000280d949c000, 0x00000280d94a0800, 0x00000280d94a1800,
0x00000280d93fa800, 0x00000280da18d800, 0x00000280da287800, 0x00000280db91e000,
0x00000280dac02800, 0x00000280db6de800, 0x00000280db95c000, 0x00000280db952800,
0x00000280db8d4800, 0x00000280db8d1000, 0x00000280d9628800, 0x00000280d962b000,
0x00000280d9629800, 0x00000280d962a000, 0x00000280d962c800
}

Java Threads: ( => current thread )
  0x00000280b2ced800 JavaThread "main" [_thread_in_native, id=20560, stack(0x000000bbe0900000,0x000000bbe0a00000)]
  0x00000280d93ff800 JavaThread "Reference Handler" daemon [_thread_blocked, id=23644, stack(0x000000bbe1000000,0x000000bbe1100000)]
  0x00000280d9403000 JavaThread "Finalizer" daemon [_thread_blocked, id=1984, stack(0x000000bbe1100000,0x000000bbe1200000)]
  0x00000280d9496800 JavaThread "Signal Dispatcher" daemon [_thread_blocked, id=4220, stack(0x000000bbe1200000,0x000000bbe1300000)]
  0x00000280d9498800 JavaThread "Attach Listener" daemon [_thread_blocked, id=26304, stack(0x000000bbe1300000,0x000000bbe1400000)]
=>0x00000280d949c000 JavaThread "C2 CompilerThread0" daemon [_thread_in_native, id=7152, stack(0x000000bbe1400000,0x000000bbe1500000)]
  0x00000280d94a0800 JavaThread "C1 CompilerThread0" daemon [_thread_blocked, id=18396, stack(0x000000bbe1500000,0x000000bbe1600000)]
  0x00000280d94a1800 JavaThread "Sweeper thread" daemon [_thread_blocked, id=19276, stack(0x000000bbe1600000,0x000000bbe1700000)]
  0x00000280d93fa800 JavaThread "Common-Cleaner" daemon [_thread_blocked, id=23788, stack(0x000000bbe1700000,0x000000bbe1800000)]
  0x00000280da18d800 JavaThread "Monitor Ctrl-Break" daemon [_thread_in_native, id=16380, stack(0x000000bbe1900000,0x000000bbe1a00000)]
  0x00000280da287800 JavaThread "Service Thread" daemon [_thread_blocked, id=21848, stack(0x000000bbe1a00000,0x000000bbe1b00000)]
  0x00000280db91e000 JavaThread "dispatcher-event-loop-0" daemon [_thread_blocked, id=19568, stack(0x000000bbe2000000,0x000000bbe2100000)]
  0x00000280dac02800 JavaThread "dispatcher-event-loop-1" daemon [_thread_blocked, id=9996, stack(0x000000bbe2100000,0x000000bbe2200000)]
  0x00000280db6de800 JavaThread "rpc-boss-3-1" daemon [_thread_in_native, id=20964, stack(0x000000bbe2400000,0x000000bbe2500000)]
  0x00000280db95c000 JavaThread "map-output-dispatcher-0" daemon [_thread_blocked, id=19208, stack(0x000000bbe2500000,0x000000bbe2600000)]
  0x00000280db952800 JavaThread "map-output-dispatcher-1" daemon [_thread_blocked, id=20744, stack(0x000000bbe2600000,0x000000bbe2700000)]
  0x00000280db8d4800 JavaThread "map-output-dispatcher-2" daemon [_thread_blocked, id=23100, stack(0x000000bbe2700000,0x000000bbe2800000)]
  0x00000280db8d1000 JavaThread "map-output-dispatcher-3" daemon [_thread_blocked, id=25816, stack(0x000000bbe2800000,0x000000bbe2900000)]
  0x00000280d9628800 JavaThread "map-output-dispatcher-4" daemon [_thread_blocked, id=24288, stack(0x000000bbe2900000,0x000000bbe2a00000)]
  0x00000280d962b000 JavaThread "map-output-dispatcher-5" daemon [_thread_blocked, id=25744, stack(0x000000bbe2a00000,0x000000bbe2b00000)]
  0x00000280d9629800 JavaThread "map-output-dispatcher-6" daemon [_thread_blocked, id=18356, stack(0x000000bbe2b00000,0x000000bbe2c00000)]
  0x00000280d962a000 JavaThread "map-output-dispatcher-7" daemon [_thread_blocked, id=340, stack(0x000000bbe2c00000,0x000000bbe2d00000)]
  0x00000280d962c800 JavaThread "RemoteBlock-temp-file-clean-thread" daemon [_thread_blocked, id=15892, stack(0x000000bbe2d00000,0x000000bbe2e00000)]

Other Threads:
  0x00000280d93fd000 VMThread "VM Thread" [stack: 0x000000bbe0f00000,0x000000bbe1000000] [id=25220]
  0x00000280da694800 WatcherThread [stack: 0x000000bbe1b00000,0x000000bbe1c00000] [id=21332]
  0x00000280b4ec4000 GCTaskThread "GC Thread#0" [stack: 0x000000bbe0a00000,0x000000bbe0b00000] [id=18772]
  0x00000280da6a9800 GCTaskThread "GC Thread#1" [stack: 0x000000bbe1800000,0x000000bbe1900000] [id=25976]
  0x00000280da6aa800 GCTaskThread "GC Thread#2" [stack: 0x000000bbe1c00000,0x000000bbe1d00000] [id=18644]
  0x00000280da784800 GCTaskThread "GC Thread#3" [stack: 0x000000bbe1d00000,0x000000bbe1e00000] [id=17544]
  0x00000280da785000 GCTaskThread "GC Thread#4" [stack: 0x000000bbe1e00000,0x000000bbe1f00000] [id=20184]
  0x00000280da9de800 GCTaskThread "GC Thread#5" [stack: 0x000000bbe1f00000,0x000000bbe2000000] [id=25104]
  0x00000280b4f1f800 ConcurrentGCThread "G1 Main Marker" [stack: 0x000000bbe0b00000,0x000000bbe0c00000] [id=26580]
  0x00000280b4f22000 ConcurrentGCThread "G1 Conc#0" [stack: 0x000000bbe0c00000,0x000000bbe0d00000] [id=16196]
  0x00000280db4c0000 ConcurrentGCThread "G1 Conc#1" [stack: 0x000000bbe2200000,0x000000bbe2300000] [id=25728]
  0x00000280dad9e800 ConcurrentGCThread "G1 Conc#2" [stack: 0x000000bbe2300000,0x000000bbe2400000] [id=26124]
  0x00000280d84fd000 ConcurrentGCThread "G1 Refine#0" [stack: 0x000000bbe0d00000,0x000000bbe0e00000] [id=23444]
  0x00000280d84fe000 ConcurrentGCThread "G1 Young RemSet Sampling" [stack: 0x000000bbe0e00000,0x000000bbe0f00000] [id=24232]

Threads with active compile tasks:
C2 CompilerThread01966   !   4       jdk.internal.loader.URLClassPath$JarLoader::getResource (353 bytes)

VM state:not at safepoint (normal execution)

VM Mutex/Monitor currently owned by a thread:  ([mutex/lock_event])
[0x00000280b4eab550] MetaspaceExpand_lock - owner thread: 0x00000280b2ced800

Heap address: 0x0000000702c00000, size: 4052 MB, Compressed Oops mode: Zero based, Oop shift amount: 3
Narrow klass base: 0x0000000800000000, Narrow klass shift: 0
Compressed class space size: 1073741824 Address: 0x0000000800000000

Heap:
 garbage-first heap   total 260096K, used 83509K [0x0000000702c00000, 0x0000000800000000)
  region size 1024K, 52 young (53248K), 3 survivors (3072K)
 Metaspace       used 28522K, capacity 28962K, committed 29056K, reserved 1079296K
  class space    used 3695K, capacity 3876K, committed 3968K, reserved 1048576K
Heap Regions: E=young(eden), S=young(survivor), O=old, HS=humongous(starts), HC=humongous(continues), CS=collection set, F=free, A=archive, TAMS=top-at-mark-start (previous, next)
|   0|0x0000000702c00000, 0x0000000702d00000, 0x0000000702d00000|100%|HS|  |TAMS 0x0000000702d00000, 0x0000000702c00000| Complete 
|   1|0x0000000702d00000, 0x0000000702e00000, 0x0000000702e00000|100%|HS|  |TAMS 0x0000000702e00000, 0x0000000702d00000| Complete 
|   2|0x0000000702e00000, 0x0000000702f00000, 0x0000000702f00000|100%|HS|  |TAMS 0x0000000702f00000, 0x0000000702e00000| Complete 
|   3|0x0000000702f00000, 0x0000000703000000, 0x0000000703000000|100%|HS|  |TAMS 0x0000000703000000, 0x0000000702f00000| Complete 
|   4|0x0000000703000000, 0x0000000703100000, 0x0000000703100000|100%|HS|  |TAMS 0x0000000703100000, 0x0000000703000000| Complete 
|   5|0x0000000703100000, 0x0000000703200000, 0x0000000703200000|100%|HS|  |TAMS 0x0000000703200000, 0x0000000703100000| Complete 
|   6|0x0000000703200000, 0x0000000703300000, 0x0000000703300000|100%|HC|  |TAMS 0x0000000703300000, 0x0000000703200000| Complete 
|   7|0x0000000703300000, 0x0000000703400000, 0x0000000703400000|100%|HC|  |TAMS 0x0000000703400000, 0x0000000703300000| Complete 
|   8|0x0000000703400000, 0x0000000703500000, 0x0000000703500000|100%|HC|  |TAMS 0x0000000703500000, 0x0000000703400000| Complete 
|   9|0x0000000703500000, 0x0000000703600000, 0x0000000703600000|100%|HS|  |TAMS 0x0000000703600000, 0x0000000703500000| Complete 
|  10|0x0000000703600000, 0x0000000703700000, 0x0000000703700000|100%|HS|  |TAMS 0x0000000703700000, 0x0000000703600000| Complete 
|  11|0x0000000703700000, 0x0000000703800000, 0x0000000703800000|100%|HC|  |TAMS 0x0000000703800000, 0x0000000703700000| Complete 
|  12|0x0000000703800000, 0x0000000703900000, 0x0000000703900000|100%|HS|  |TAMS 0x0000000703900000, 0x0000000703800000| Complete 
|  13|0x0000000703900000, 0x0000000703a00000, 0x0000000703a00000|100%|HS|  |TAMS 0x0000000703a00000, 0x0000000703900000| Complete 
|  14|0x0000000703a00000, 0x0000000703b00000, 0x0000000703b00000|100%|HS|  |TAMS 0x0000000703b00000, 0x0000000703a00000| Complete 
|  15|0x0000000703b00000, 0x0000000703c00000, 0x0000000703c00000|100%| O|  |TAMS 0x0000000703c00000, 0x0000000703b00000| Untracked 
|  16|0x0000000703c00000, 0x0000000703d00000, 0x0000000703d00000|100%| O|  |TAMS 0x0000000703d00000, 0x0000000703c00000| Untracked 
|  17|0x0000000703d00000, 0x0000000703e00000, 0x0000000703e00000|100%| O|  |TAMS 0x0000000703e00000, 0x0000000703d00000| Untracked 
|  18|0x0000000703e00000, 0x0000000703f00000, 0x0000000703f00000|100%| O|  |TAMS 0x0000000703f00000, 0x0000000703e00000| Untracked 
|  19|0x0000000703f00000, 0x0000000704000000, 0x0000000704000000|100%| O|  |TAMS 0x0000000704000000, 0x0000000703f00000| Untracked 
|  20|0x0000000704000000, 0x0000000704100000, 0x0000000704100000|100%| O|  |TAMS 0x0000000704100000, 0x0000000704000000| Untracked 
|  21|0x0000000704100000, 0x0000000704200000, 0x0000000704200000|100%| O|  |TAMS 0x0000000704200000, 0x0000000704100000| Untracked 
|  22|0x0000000704200000, 0x0000000704300000, 0x0000000704300000|100%| O|  |TAMS 0x0000000704300000, 0x0000000704200000| Untracked 
|  23|0x0000000704300000, 0x0000000704400000, 0x0000000704400000|100%| O|  |TAMS 0x0000000704400000, 0x0000000704300000| Untracked 
|  24|0x0000000704400000, 0x0000000704500000, 0x0000000704500000|100%| O|  |TAMS 0x0000000704500000, 0x0000000704400000| Untracked 
|  25|0x0000000704500000, 0x0000000704600000, 0x0000000704600000|100%| O|  |TAMS 0x0000000704600000, 0x0000000704500000| Untracked 
|  26|0x0000000704600000, 0x0000000704700000, 0x0000000704700000|100%| O|  |TAMS 0x0000000704700000, 0x0000000704600000| Untracked 
|  27|0x0000000704700000, 0x0000000704800000, 0x0000000704800000|100%| O|  |TAMS 0x0000000704800000, 0x0000000704700000| Untracked 
|  28|0x0000000704800000, 0x0000000704900000, 0x0000000704900000|100%| O|  |TAMS 0x0000000704900000, 0x0000000704800000| Untracked 
|  29|0x0000000704900000, 0x0000000704a00000, 0x0000000704a00000|100%| O|  |TAMS 0x0000000704a00000, 0x0000000704900000| Untracked 
|  30|0x0000000704a00000, 0x0000000704b00000, 0x0000000704b00000|100%| O|  |TAMS 0x0000000704b00000, 0x0000000704a00000| Untracked 
|  31|0x0000000704b00000, 0x0000000704b48800, 0x0000000704c00000| 28%| O|  |TAMS 0x0000000704b48800, 0x0000000704b00000| Untracked 
|  32|0x0000000704c00000, 0x0000000704c00000, 0x0000000704d00000|  0%| F|  |TAMS 0x0000000704c00000, 0x0000000704c00000| Untracked 
|  33|0x0000000704d00000, 0x0000000704d00000, 0x0000000704e00000|  0%| F|  |TAMS 0x0000000704d00000, 0x0000000704d00000| Untracked 
|  34|0x0000000704e00000, 0x0000000704e00000, 0x0000000704f00000|  0%| F|  |TAMS 0x0000000704e00000, 0x0000000704e00000| Untracked 
|  35|0x0000000704f00000, 0x0000000704f00000, 0x0000000705000000|  0%| F|  |TAMS 0x0000000704f00000, 0x0000000704f00000| Untracked 
|  36|0x0000000705000000, 0x0000000705000000, 0x0000000705100000|  0%| F|  |TAMS 0x0000000705000000, 0x0000000705000000| Untracked 
|  37|0x0000000705100000, 0x0000000705100000, 0x0000000705200000|  0%| F|  |TAMS 0x0000000705100000, 0x0000000705100000| Untracked 
|  38|0x0000000705200000, 0x0000000705200000, 0x0000000705300000|  0%| F|  |TAMS 0x0000000705200000, 0x0000000705200000| Untracked 
|  39|0x0000000705300000, 0x0000000705300000, 0x0000000705400000|  0%| F|  |TAMS 0x0000000705300000, 0x0000000705300000| Untracked 
|  40|0x0000000705400000, 0x0000000705400000, 0x0000000705500000|  0%| F|  |TAMS 0x0000000705400000, 0x0000000705400000| Untracked 
|  41|0x0000000705500000, 0x0000000705500000, 0x0000000705600000|  0%| F|  |TAMS 0x0000000705500000, 0x0000000705500000| Untracked 
|  42|0x0000000705600000, 0x0000000705600000, 0x0000000705700000|  0%| F|  |TAMS 0x0000000705600000, 0x0000000705600000| Untracked 
|  43|0x0000000705700000, 0x0000000705700000, 0x0000000705800000|  0%| F|  |TAMS 0x0000000705700000, 0x0000000705700000| Untracked 
|  44|0x0000000705800000, 0x0000000705800000, 0x0000000705900000|  0%| F|  |TAMS 0x0000000705800000, 0x0000000705800000| Untracked 
|  45|0x0000000705900000, 0x0000000705900000, 0x0000000705a00000|  0%| F|  |TAMS 0x0000000705900000, 0x0000000705900000| Untracked 
|  46|0x0000000705a00000, 0x0000000705a00000, 0x0000000705b00000|  0%| F|  |TAMS 0x0000000705a00000, 0x0000000705a00000| Untracked 
|  47|0x0000000705b00000, 0x0000000705b00000, 0x0000000705c00000|  0%| F|  |TAMS 0x0000000705b00000, 0x0000000705b00000| Untracked 
|  48|0x0000000705c00000, 0x0000000705c00000, 0x0000000705d00000|  0%| F|  |TAMS 0x0000000705c00000, 0x0000000705c00000| Untracked 
|  49|0x0000000705d00000, 0x0000000705d00000, 0x0000000705e00000|  0%| F|  |TAMS 0x0000000705d00000, 0x0000000705d00000| Untracked 
|  50|0x0000000705e00000, 0x0000000705e00000, 0x0000000705f00000|  0%| F|  |TAMS 0x0000000705e00000, 0x0000000705e00000| Untracked 
|  51|0x0000000705f00000, 0x0000000705f00000, 0x0000000706000000|  0%| F|  |TAMS 0x0000000705f00000, 0x0000000705f00000| Untracked 
|  52|0x0000000706000000, 0x0000000706000000, 0x0000000706100000|  0%| F|  |TAMS 0x0000000706000000, 0x0000000706000000| Untracked 
|  53|0x0000000706100000, 0x0000000706100000, 0x0000000706200000|  0%| F|  |TAMS 0x0000000706100000, 0x0000000706100000| Untracked 
|  54|0x0000000706200000, 0x0000000706200000, 0x0000000706300000|  0%| F|  |TAMS 0x0000000706200000, 0x0000000706200000| Untracked 
|  55|0x0000000706300000, 0x0000000706300000, 0x0000000706400000|  0%| F|  |TAMS 0x0000000706300000, 0x0000000706300000| Untracked 
|  56|0x0000000706400000, 0x0000000706400000, 0x0000000706500000|  0%| F|  |TAMS 0x0000000706400000, 0x0000000706400000| Untracked 
|  57|0x0000000706500000, 0x0000000706500000, 0x0000000706600000|  0%| F|  |TAMS 0x0000000706500000, 0x0000000706500000| Untracked 
|  58|0x0000000706600000, 0x0000000706600000, 0x0000000706700000|  0%| F|  |TAMS 0x0000000706600000, 0x0000000706600000| Untracked 
|  59|0x0000000706700000, 0x0000000706700000, 0x0000000706800000|  0%| F|  |TAMS 0x0000000706700000, 0x0000000706700000| Untracked 
|  60|0x0000000706800000, 0x0000000706800000, 0x0000000706900000|  0%| F|  |TAMS 0x0000000706800000, 0x0000000706800000| Untracked 
|  61|0x0000000706900000, 0x0000000706900000, 0x0000000706a00000|  0%| F|  |TAMS 0x0000000706900000, 0x0000000706900000| Untracked 
|  62|0x0000000706a00000, 0x0000000706a00000, 0x0000000706b00000|  0%| F|  |TAMS 0x0000000706a00000, 0x0000000706a00000| Untracked 
|  63|0x0000000706b00000, 0x0000000706b00000, 0x0000000706c00000|  0%| F|  |TAMS 0x0000000706b00000, 0x0000000706b00000| Untracked 
|  64|0x0000000706c00000, 0x0000000706c00000, 0x0000000706d00000|  0%| F|  |TAMS 0x0000000706c00000, 0x0000000706c00000| Untracked 
|  65|0x0000000706d00000, 0x0000000706d00000, 0x0000000706e00000|  0%| F|  |TAMS 0x0000000706d00000, 0x0000000706d00000| Untracked 
|  66|0x0000000706e00000, 0x0000000706e00000, 0x0000000706f00000|  0%| F|  |TAMS 0x0000000706e00000, 0x0000000706e00000| Untracked 
|  67|0x0000000706f00000, 0x0000000706f00000, 0x0000000707000000|  0%| F|  |TAMS 0x0000000706f00000, 0x0000000706f00000| Untracked 
|  68|0x0000000707000000, 0x0000000707000000, 0x0000000707100000|  0%| F|  |TAMS 0x0000000707000000, 0x0000000707000000| Untracked 
|  69|0x0000000707100000, 0x0000000707100000, 0x0000000707200000|  0%| F|  |TAMS 0x0000000707100000, 0x0000000707100000| Untracked 
|  70|0x0000000707200000, 0x0000000707200000, 0x0000000707300000|  0%| F|  |TAMS 0x0000000707200000, 0x0000000707200000| Untracked 
|  71|0x0000000707300000, 0x0000000707300000, 0x0000000707400000|  0%| F|  |TAMS 0x0000000707300000, 0x0000000707300000| Untracked 
|  72|0x0000000707400000, 0x0000000707400000, 0x0000000707500000|  0%| F|  |TAMS 0x0000000707400000, 0x0000000707400000| Untracked 
|  73|0x0000000707500000, 0x0000000707500000, 0x0000000707600000|  0%| F|  |TAMS 0x0000000707500000, 0x0000000707500000| Untracked 
|  74|0x0000000707600000, 0x0000000707600000, 0x0000000707700000|  0%| F|  |TAMS 0x0000000707600000, 0x0000000707600000| Untracked 
|  75|0x0000000707700000, 0x0000000707700000, 0x0000000707800000|  0%| F|  |TAMS 0x0000000707700000, 0x0000000707700000| Untracked 
|  76|0x0000000707800000, 0x0000000707800000, 0x0000000707900000|  0%| F|  |TAMS 0x0000000707800000, 0x0000000707800000| Untracked 
|  77|0x0000000707900000, 0x0000000707900000, 0x0000000707a00000|  0%| F|  |TAMS 0x0000000707900000, 0x0000000707900000| Untracked 
|  78|0x0000000707a00000, 0x0000000707a00000, 0x0000000707b00000|  0%| F|  |TAMS 0x0000000707a00000, 0x0000000707a00000| Untracked 
|  79|0x0000000707b00000, 0x0000000707b00000, 0x0000000707c00000|  0%| F|  |TAMS 0x0000000707b00000, 0x0000000707b00000| Untracked 
|  80|0x0000000707c00000, 0x0000000707c00000, 0x0000000707d00000|  0%| F|  |TAMS 0x0000000707c00000, 0x0000000707c00000| Untracked 
|  81|0x0000000707d00000, 0x0000000707d00000, 0x0000000707e00000|  0%| F|  |TAMS 0x0000000707d00000, 0x0000000707d00000| Untracked 
|  82|0x0000000707e00000, 0x0000000707e00000, 0x0000000707f00000|  0%| F|  |TAMS 0x0000000707e00000, 0x0000000707e00000| Untracked 
|  83|0x0000000707f00000, 0x0000000707f00000, 0x0000000708000000|  0%| F|  |TAMS 0x0000000707f00000, 0x0000000707f00000| Untracked 
|  84|0x0000000708000000, 0x0000000708000000, 0x0000000708100000|  0%| F|  |TAMS 0x0000000708000000, 0x0000000708000000| Untracked 
|  85|0x0000000708100000, 0x0000000708100000, 0x0000000708200000|  0%| F|  |TAMS 0x0000000708100000, 0x0000000708100000| Untracked 
|  86|0x0000000708200000, 0x0000000708200000, 0x0000000708300000|  0%| F|  |TAMS 0x0000000708200000, 0x0000000708200000| Untracked 
|  87|0x0000000708300000, 0x0000000708300000, 0x0000000708400000|  0%| F|  |TAMS 0x0000000708300000, 0x0000000708300000| Untracked 
|  88|0x0000000708400000, 0x0000000708400000, 0x0000000708500000|  0%| F|  |TAMS 0x0000000708400000, 0x0000000708400000| Untracked 
|  89|0x0000000708500000, 0x0000000708500000, 0x0000000708600000|  0%| F|  |TAMS 0x0000000708500000, 0x0000000708500000| Untracked 
|  90|0x0000000708600000, 0x0000000708600000, 0x0000000708700000|  0%| F|  |TAMS 0x0000000708600000, 0x0000000708600000| Untracked 
|  91|0x0000000708700000, 0x0000000708700000, 0x0000000708800000|  0%| F|  |TAMS 0x0000000708700000, 0x0000000708700000| Untracked 
|  92|0x0000000708800000, 0x0000000708800000, 0x0000000708900000|  0%| F|  |TAMS 0x0000000708800000, 0x0000000708800000| Untracked 
|  93|0x0000000708900000, 0x0000000708900000, 0x0000000708a00000|  0%| F|  |TAMS 0x0000000708900000, 0x0000000708900000| Untracked 
|  94|0x0000000708a00000, 0x0000000708a00000, 0x0000000708b00000|  0%| F|  |TAMS 0x0000000708a00000, 0x0000000708a00000| Untracked 
|  95|0x0000000708b00000, 0x0000000708b00000, 0x0000000708c00000|  0%| F|  |TAMS 0x0000000708b00000, 0x0000000708b00000| Untracked 
|  96|0x0000000708c00000, 0x0000000708c00000, 0x0000000708d00000|  0%| F|  |TAMS 0x0000000708c00000, 0x0000000708c00000| Untracked 
|  97|0x0000000708d00000, 0x0000000708d00000, 0x0000000708e00000|  0%| F|  |TAMS 0x0000000708d00000, 0x0000000708d00000| Untracked 
|  98|0x0000000708e00000, 0x0000000708e00000, 0x0000000708f00000|  0%| F|  |TAMS 0x0000000708e00000, 0x0000000708e00000| Untracked 
|  99|0x0000000708f00000, 0x0000000708f00000, 0x0000000709000000|  0%| F|  |TAMS 0x0000000708f00000, 0x0000000708f00000| Untracked 
| 100|0x0000000709000000, 0x0000000709000000, 0x0000000709100000|  0%| F|  |TAMS 0x0000000709000000, 0x0000000709000000| Untracked 
| 101|0x0000000709100000, 0x0000000709100000, 0x0000000709200000|  0%| F|  |TAMS 0x0000000709100000, 0x0000000709100000| Untracked 
| 102|0x0000000709200000, 0x0000000709200000, 0x0000000709300000|  0%| F|  |TAMS 0x0000000709200000, 0x0000000709200000| Untracked 
| 103|0x0000000709300000, 0x0000000709300000, 0x0000000709400000|  0%| F|  |TAMS 0x0000000709300000, 0x0000000709300000| Untracked 
| 104|0x0000000709400000, 0x0000000709400000, 0x0000000709500000|  0%| F|  |TAMS 0x0000000709400000, 0x0000000709400000| Untracked 
| 105|0x0000000709500000, 0x0000000709500000, 0x0000000709600000|  0%| F|  |TAMS 0x0000000709500000, 0x0000000709500000| Untracked 
| 106|0x0000000709600000, 0x0000000709600000, 0x0000000709700000|  0%| F|  |TAMS 0x0000000709600000, 0x0000000709600000| Untracked 
| 107|0x0000000709700000, 0x0000000709700000, 0x0000000709800000|  0%| F|  |TAMS 0x0000000709700000, 0x0000000709700000| Untracked 
| 108|0x0000000709800000, 0x0000000709800000, 0x0000000709900000|  0%| F|  |TAMS 0x0000000709800000, 0x0000000709800000| Untracked 
| 109|0x0000000709900000, 0x0000000709900000, 0x0000000709a00000|  0%| F|  |TAMS 0x0000000709900000, 0x0000000709900000| Untracked 
| 110|0x0000000709a00000, 0x0000000709a00000, 0x0000000709b00000|  0%| F|  |TAMS 0x0000000709a00000, 0x0000000709a00000| Untracked 
| 111|0x0000000709b00000, 0x0000000709b00000, 0x0000000709c00000|  0%| F|  |TAMS 0x0000000709b00000, 0x0000000709b00000| Untracked 
| 112|0x0000000709c00000, 0x0000000709c00000, 0x0000000709d00000|  0%| F|  |TAMS 0x0000000709c00000, 0x0000000709c00000| Untracked 
| 113|0x0000000709d00000, 0x0000000709d00000, 0x0000000709e00000|  0%| F|  |TAMS 0x0000000709d00000, 0x0000000709d00000| Untracked 
| 114|0x0000000709e00000, 0x0000000709e00000, 0x0000000709f00000|  0%| F|  |TAMS 0x0000000709e00000, 0x0000000709e00000| Untracked 
| 115|0x0000000709f00000, 0x0000000709f00000, 0x000000070a000000|  0%| F|  |TAMS 0x0000000709f00000, 0x0000000709f00000| Untracked 
| 116|0x000000070a000000, 0x000000070a000000, 0x000000070a100000|  0%| F|  |TAMS 0x000000070a000000, 0x000000070a000000| Untracked 
| 117|0x000000070a100000, 0x000000070a100000, 0x000000070a200000|  0%| F|  |TAMS 0x000000070a100000, 0x000000070a100000| Untracked 
| 118|0x000000070a200000, 0x000000070a200000, 0x000000070a300000|  0%| F|  |TAMS 0x000000070a200000, 0x000000070a200000| Untracked 
| 119|0x000000070a300000, 0x000000070a300000, 0x000000070a400000|  0%| F|  |TAMS 0x000000070a300000, 0x000000070a300000| Untracked 
| 120|0x000000070a400000, 0x000000070a400000, 0x000000070a500000|  0%| F|  |TAMS 0x000000070a400000, 0x000000070a400000| Untracked 
| 121|0x000000070a500000, 0x000000070a500000, 0x000000070a600000|  0%| F|  |TAMS 0x000000070a500000, 0x000000070a500000| Untracked 
| 122|0x000000070a600000, 0x000000070a600000, 0x000000070a700000|  0%| F|  |TAMS 0x000000070a600000, 0x000000070a600000| Untracked 
| 123|0x000000070a700000, 0x000000070a700000, 0x000000070a800000|  0%| F|  |TAMS 0x000000070a700000, 0x000000070a700000| Untracked 
| 124|0x000000070a800000, 0x000000070a800000, 0x000000070a900000|  0%| F|  |TAMS 0x000000070a800000, 0x000000070a800000| Untracked 
| 125|0x000000070a900000, 0x000000070a900000, 0x000000070aa00000|  0%| F|  |TAMS 0x000000070a900000, 0x000000070a900000| Untracked 
| 126|0x000000070aa00000, 0x000000070aa00000, 0x000000070ab00000|  0%| F|  |TAMS 0x000000070aa00000, 0x000000070aa00000| Untracked 
| 127|0x000000070ab00000, 0x000000070ab00000, 0x000000070ac00000|  0%| F|  |TAMS 0x000000070ab00000, 0x000000070ab00000| Untracked 
| 128|0x000000070ac00000, 0x000000070ac00000, 0x000000070ad00000|  0%| F|  |TAMS 0x000000070ac00000, 0x000000070ac00000| Untracked 
| 129|0x000000070ad00000, 0x000000070ad00000, 0x000000070ae00000|  0%| F|  |TAMS 0x000000070ad00000, 0x000000070ad00000| Untracked 
| 130|0x000000070ae00000, 0x000000070ae00000, 0x000000070af00000|  0%| F|  |TAMS 0x000000070ae00000, 0x000000070ae00000| Untracked 
| 131|0x000000070af00000, 0x000000070af00000, 0x000000070b000000|  0%| F|  |TAMS 0x000000070af00000, 0x000000070af00000| Untracked 
| 132|0x000000070b000000, 0x000000070b000000, 0x000000070b100000|  0%| F|  |TAMS 0x000000070b000000, 0x000000070b000000| Untracked 
| 133|0x000000070b100000, 0x000000070b100000, 0x000000070b200000|  0%| F|  |TAMS 0x000000070b100000, 0x000000070b100000| Untracked 
| 134|0x000000070b200000, 0x000000070b200000, 0x000000070b300000|  0%| F|  |TAMS 0x000000070b200000, 0x000000070b200000| Untracked 
| 135|0x000000070b300000, 0x000000070b300000, 0x000000070b400000|  0%| F|  |TAMS 0x000000070b300000, 0x000000070b300000| Untracked 
| 136|0x000000070b400000, 0x000000070b400000, 0x000000070b500000|  0%| F|  |TAMS 0x000000070b400000, 0x000000070b400000| Untracked 
| 137|0x000000070b500000, 0x000000070b500000, 0x000000070b600000|  0%| F|  |TAMS 0x000000070b500000, 0x000000070b500000| Untracked 
| 138|0x000000070b600000, 0x000000070b600000, 0x000000070b700000|  0%| F|  |TAMS 0x000000070b600000, 0x000000070b600000| Untracked 
| 139|0x000000070b700000, 0x000000070b700000, 0x000000070b800000|  0%| F|  |TAMS 0x000000070b700000, 0x000000070b700000| Untracked 
| 140|0x000000070b800000, 0x000000070b800000, 0x000000070b900000|  0%| F|  |TAMS 0x000000070b800000, 0x000000070b800000| Untracked 
| 141|0x000000070b900000, 0x000000070b900000, 0x000000070ba00000|  0%| F|  |TAMS 0x000000070b900000, 0x000000070b900000| Untracked 
| 142|0x000000070ba00000, 0x000000070ba00000, 0x000000070bb00000|  0%| F|  |TAMS 0x000000070ba00000, 0x000000070ba00000| Untracked 
| 143|0x000000070bb00000, 0x000000070bb00000, 0x000000070bc00000|  0%| F|  |TAMS 0x000000070bb00000, 0x000000070bb00000| Untracked 
| 144|0x000000070bc00000, 0x000000070bc00000, 0x000000070bd00000|  0%| F|  |TAMS 0x000000070bc00000, 0x000000070bc00000| Untracked 
| 145|0x000000070bd00000, 0x000000070bd00000, 0x000000070be00000|  0%| F|  |TAMS 0x000000070bd00000, 0x000000070bd00000| Untracked 
| 146|0x000000070be00000, 0x000000070be00000, 0x000000070bf00000|  0%| F|  |TAMS 0x000000070be00000, 0x000000070be00000| Untracked 
| 147|0x000000070bf00000, 0x000000070bf00000, 0x000000070c000000|  0%| F|  |TAMS 0x000000070bf00000, 0x000000070bf00000| Untracked 
| 148|0x000000070c000000, 0x000000070c000000, 0x000000070c100000|  0%| F|  |TAMS 0x000000070c000000, 0x000000070c000000| Untracked 
| 149|0x000000070c100000, 0x000000070c100000, 0x000000070c200000|  0%| F|  |TAMS 0x000000070c100000, 0x000000070c100000| Untracked 
| 150|0x000000070c200000, 0x000000070c200000, 0x000000070c300000|  0%| F|  |TAMS 0x000000070c200000, 0x000000070c200000| Untracked 
| 151|0x000000070c300000, 0x000000070c300000, 0x000000070c400000|  0%| F|  |TAMS 0x000000070c300000, 0x000000070c300000| Untracked 
| 152|0x000000070c400000, 0x000000070c400000, 0x000000070c500000|  0%| F|  |TAMS 0x000000070c400000, 0x000000070c400000| Untracked 
| 153|0x000000070c500000, 0x000000070c500000, 0x000000070c600000|  0%| F|  |TAMS 0x000000070c500000, 0x000000070c500000| Untracked 
| 154|0x000000070c600000, 0x000000070c600000, 0x000000070c700000|  0%| F|  |TAMS 0x000000070c600000, 0x000000070c600000| Untracked 
| 155|0x000000070c700000, 0x000000070c700000, 0x000000070c800000|  0%| F|  |TAMS 0x000000070c700000, 0x000000070c700000| Untracked 
| 156|0x000000070c800000, 0x000000070c800000, 0x000000070c900000|  0%| F|  |TAMS 0x000000070c800000, 0x000000070c800000| Untracked 
| 157|0x000000070c900000, 0x000000070c900000, 0x000000070ca00000|  0%| F|  |TAMS 0x000000070c900000, 0x000000070c900000| Untracked 
| 158|0x000000070ca00000, 0x000000070ca00000, 0x000000070cb00000|  0%| F|  |TAMS 0x000000070ca00000, 0x000000070ca00000| Untracked 
| 159|0x000000070cb00000, 0x000000070cb00000, 0x000000070cc00000|  0%| F|  |TAMS 0x000000070cb00000, 0x000000070cb00000| Untracked 
| 160|0x000000070cc00000, 0x000000070cc00000, 0x000000070cd00000|  0%| F|  |TAMS 0x000000070cc00000, 0x000000070cc00000| Untracked 
| 161|0x000000070cd00000, 0x000000070cd00000, 0x000000070ce00000|  0%| F|  |TAMS 0x000000070cd00000, 0x000000070cd00000| Untracked 
| 162|0x000000070ce00000, 0x000000070ce00000, 0x000000070cf00000|  0%| F|  |TAMS 0x000000070ce00000, 0x000000070ce00000| Untracked 
| 163|0x000000070cf00000, 0x000000070cf00000, 0x000000070d000000|  0%| F|  |TAMS 0x000000070cf00000, 0x000000070cf00000| Untracked 
| 164|0x000000070d000000, 0x000000070d000000, 0x000000070d100000|  0%| F|  |TAMS 0x000000070d000000, 0x000000070d000000| Untracked 
| 165|0x000000070d100000, 0x000000070d100000, 0x000000070d200000|  0%| F|  |TAMS 0x000000070d100000, 0x000000070d100000| Untracked 
| 166|0x000000070d200000, 0x000000070d200000, 0x000000070d300000|  0%| F|  |TAMS 0x000000070d200000, 0x000000070d200000| Untracked 
| 167|0x000000070d300000, 0x000000070d300000, 0x000000070d400000|  0%| F|  |TAMS 0x000000070d300000, 0x000000070d300000| Untracked 
| 168|0x000000070d400000, 0x000000070d400000, 0x000000070d500000|  0%| F|  |TAMS 0x000000070d400000, 0x000000070d400000| Untracked 
| 169|0x000000070d500000, 0x000000070d500000, 0x000000070d600000|  0%| F|  |TAMS 0x000000070d500000, 0x000000070d500000| Untracked 
| 170|0x000000070d600000, 0x000000070d600000, 0x000000070d700000|  0%| F|  |TAMS 0x000000070d600000, 0x000000070d600000| Untracked 
| 171|0x000000070d700000, 0x000000070d700000, 0x000000070d800000|  0%| F|  |TAMS 0x000000070d700000, 0x000000070d700000| Untracked 
| 172|0x000000070d800000, 0x000000070d800000, 0x000000070d900000|  0%| F|  |TAMS 0x000000070d800000, 0x000000070d800000| Untracked 
| 173|0x000000070d900000, 0x000000070d900000, 0x000000070da00000|  0%| F|  |TAMS 0x000000070d900000, 0x000000070d900000| Untracked 
| 174|0x000000070da00000, 0x000000070da00000, 0x000000070db00000|  0%| F|  |TAMS 0x000000070da00000, 0x000000070da00000| Untracked 
| 175|0x000000070db00000, 0x000000070db00000, 0x000000070dc00000|  0%| F|  |TAMS 0x000000070db00000, 0x000000070db00000| Untracked 
| 176|0x000000070dc00000, 0x000000070dc00000, 0x000000070dd00000|  0%| F|  |TAMS 0x000000070dc00000, 0x000000070dc00000| Untracked 
| 177|0x000000070dd00000, 0x000000070dd00000, 0x000000070de00000|  0%| F|  |TAMS 0x000000070dd00000, 0x000000070dd00000| Untracked 
| 178|0x000000070de00000, 0x000000070de00000, 0x000000070df00000|  0%| F|  |TAMS 0x000000070de00000, 0x000000070de00000| Untracked 
| 179|0x000000070df00000, 0x000000070df00000, 0x000000070e000000|  0%| F|  |TAMS 0x000000070df00000, 0x000000070df00000| Untracked 
| 180|0x000000070e000000, 0x000000070e000000, 0x000000070e100000|  0%| F|  |TAMS 0x000000070e000000, 0x000000070e000000| Untracked 
| 181|0x000000070e100000, 0x000000070e100000, 0x000000070e200000|  0%| F|  |TAMS 0x000000070e100000, 0x000000070e100000| Untracked 
| 182|0x000000070e200000, 0x000000070e200000, 0x000000070e300000|  0%| F|  |TAMS 0x000000070e200000, 0x000000070e200000| Untracked 
| 183|0x000000070e300000, 0x000000070e300000, 0x000000070e400000|  0%| F|  |TAMS 0x000000070e300000, 0x000000070e300000| Untracked 
| 184|0x000000070e400000, 0x000000070e400000, 0x000000070e500000|  0%| F|  |TAMS 0x000000070e400000, 0x000000070e400000| Untracked 
| 185|0x000000070e500000, 0x000000070e500000, 0x000000070e600000|  0%| F|  |TAMS 0x000000070e500000, 0x000000070e500000| Untracked 
| 186|0x000000070e600000, 0x000000070e600000, 0x000000070e700000|  0%| F|  |TAMS 0x000000070e600000, 0x000000070e600000| Untracked 
| 187|0x000000070e700000, 0x000000070e700000, 0x000000070e800000|  0%| F|  |TAMS 0x000000070e700000, 0x000000070e700000| Untracked 
| 188|0x000000070e800000, 0x000000070e800000, 0x000000070e900000|  0%| F|  |TAMS 0x000000070e800000, 0x000000070e800000| Untracked 
| 189|0x000000070e900000, 0x000000070e900000, 0x000000070ea00000|  0%| F|  |TAMS 0x000000070e900000, 0x000000070e900000| Untracked 
| 190|0x000000070ea00000, 0x000000070ea00000, 0x000000070eb00000|  0%| F|  |TAMS 0x000000070ea00000, 0x000000070ea00000| Untracked 
| 191|0x000000070eb00000, 0x000000070eb00000, 0x000000070ec00000|  0%| F|  |TAMS 0x000000070eb00000, 0x000000070eb00000| Untracked 
| 192|0x000000070ec00000, 0x000000070ec00000, 0x000000070ed00000|  0%| F|  |TAMS 0x000000070ec00000, 0x000000070ec00000| Untracked 
| 193|0x000000070ed00000, 0x000000070ed00000, 0x000000070ee00000|  0%| F|  |TAMS 0x000000070ed00000, 0x000000070ed00000| Untracked 
| 194|0x000000070ee00000, 0x000000070ee00000, 0x000000070ef00000|  0%| F|  |TAMS 0x000000070ee00000, 0x000000070ee00000| Untracked 
| 195|0x000000070ef00000, 0x000000070ef00000, 0x000000070f000000|  0%| F|  |TAMS 0x000000070ef00000, 0x000000070ef00000| Untracked 
| 196|0x000000070f000000, 0x000000070f000000, 0x000000070f100000|  0%| F|  |TAMS 0x000000070f000000, 0x000000070f000000| Untracked 
| 197|0x000000070f100000, 0x000000070f100000, 0x000000070f200000|  0%| F|  |TAMS 0x000000070f100000, 0x000000070f100000| Untracked 
| 198|0x000000070f200000, 0x000000070f200000, 0x000000070f300000|  0%| F|  |TAMS 0x000000070f200000, 0x000000070f200000| Untracked 
| 199|0x000000070f300000, 0x000000070f300000, 0x000000070f400000|  0%| F|  |TAMS 0x000000070f300000, 0x000000070f300000| Untracked 
| 200|0x000000070f400000, 0x000000070f400000, 0x000000070f500000|  0%| F|  |TAMS 0x000000070f400000, 0x000000070f400000| Untracked 
| 201|0x000000070f500000, 0x000000070f500000, 0x000000070f600000|  0%| F|  |TAMS 0x000000070f500000, 0x000000070f500000| Untracked 
| 202|0x000000070f600000, 0x000000070f700000, 0x000000070f700000|100%| E|  |TAMS 0x000000070f600000, 0x000000070f600000| Complete 
| 203|0x000000070f700000, 0x000000070f800000, 0x000000070f800000|100%| E|CS|TAMS 0x000000070f700000, 0x000000070f700000| Complete 
| 204|0x000000070f800000, 0x000000070f900000, 0x000000070f900000|100%| E|CS|TAMS 0x000000070f800000, 0x000000070f800000| Complete 
| 205|0x000000070f900000, 0x000000070fa00000, 0x000000070fa00000|100%| E|CS|TAMS 0x000000070f900000, 0x000000070f900000| Complete 
| 206|0x000000070fa00000, 0x000000070fb00000, 0x000000070fb00000|100%| E|CS|TAMS 0x000000070fa00000, 0x000000070fa00000| Complete 
| 207|0x000000070fb00000, 0x000000070fc00000, 0x000000070fc00000|100%| E|CS|TAMS 0x000000070fb00000, 0x000000070fb00000| Complete 
| 208|0x000000070fc00000, 0x000000070fd00000, 0x000000070fd00000|100%| E|CS|TAMS 0x000000070fc00000, 0x000000070fc00000| Complete 
| 209|0x000000070fd00000, 0x000000070fe00000, 0x000000070fe00000|100%| E|CS|TAMS 0x000000070fd00000, 0x000000070fd00000| Complete 
| 210|0x000000070fe00000, 0x000000070ff00000, 0x000000070ff00000|100%| E|CS|TAMS 0x000000070fe00000, 0x000000070fe00000| Complete 
| 211|0x000000070ff00000, 0x0000000710000000, 0x0000000710000000|100%| E|CS|TAMS 0x000000070ff00000, 0x000000070ff00000| Complete 
| 212|0x0000000710000000, 0x0000000710100000, 0x0000000710100000|100%| E|CS|TAMS 0x0000000710000000, 0x0000000710000000| Complete 
| 213|0x0000000710100000, 0x0000000710200000, 0x0000000710200000|100%| E|CS|TAMS 0x0000000710100000, 0x0000000710100000| Complete 
| 214|0x0000000710200000, 0x0000000710300000, 0x0000000710300000|100%| E|CS|TAMS 0x0000000710200000, 0x0000000710200000| Complete 
| 215|0x0000000710300000, 0x0000000710400000, 0x0000000710400000|100%| E|CS|TAMS 0x0000000710300000, 0x0000000710300000| Complete 
| 216|0x0000000710400000, 0x0000000710500000, 0x0000000710500000|100%| E|CS|TAMS 0x0000000710400000, 0x0000000710400000| Complete 
| 217|0x0000000710500000, 0x0000000710600000, 0x0000000710600000|100%| E|CS|TAMS 0x0000000710500000, 0x0000000710500000| Complete 
| 218|0x0000000710600000, 0x0000000710700000, 0x0000000710700000|100%| E|CS|TAMS 0x0000000710600000, 0x0000000710600000| Complete 
| 219|0x0000000710700000, 0x0000000710800000, 0x0000000710800000|100%| E|CS|TAMS 0x0000000710700000, 0x0000000710700000| Complete 
| 220|0x0000000710800000, 0x0000000710900000, 0x0000000710900000|100%| E|CS|TAMS 0x0000000710800000, 0x0000000710800000| Complete 
| 221|0x0000000710900000, 0x0000000710a00000, 0x0000000710a00000|100%| E|CS|TAMS 0x0000000710900000, 0x0000000710900000| Complete 
| 222|0x0000000710a00000, 0x0000000710b00000, 0x0000000710b00000|100%| E|CS|TAMS 0x0000000710a00000, 0x0000000710a00000| Complete 
| 223|0x0000000710b00000, 0x0000000710c00000, 0x0000000710c00000|100%| E|CS|TAMS 0x0000000710b00000, 0x0000000710b00000| Complete 
| 224|0x0000000710c00000, 0x0000000710d00000, 0x0000000710d00000|100%| E|CS|TAMS 0x0000000710c00000, 0x0000000710c00000| Complete 
| 225|0x0000000710d00000, 0x0000000710e00000, 0x0000000710e00000|100%| E|CS|TAMS 0x0000000710d00000, 0x0000000710d00000| Complete 
| 226|0x0000000710e00000, 0x0000000710f00000, 0x0000000710f00000|100%| E|CS|TAMS 0x0000000710e00000, 0x0000000710e00000| Complete 
| 227|0x0000000710f00000, 0x0000000711000000, 0x0000000711000000|100%| E|CS|TAMS 0x0000000710f00000, 0x0000000710f00000| Complete 
| 228|0x0000000711000000, 0x0000000711100000, 0x0000000711100000|100%| E|CS|TAMS 0x0000000711000000, 0x0000000711000000| Complete 
| 229|0x0000000711100000, 0x0000000711200000, 0x0000000711200000|100%| E|CS|TAMS 0x0000000711100000, 0x0000000711100000| Complete 
| 230|0x0000000711200000, 0x0000000711300000, 0x0000000711300000|100%| E|CS|TAMS 0x0000000711200000, 0x0000000711200000| Complete 
| 231|0x0000000711300000, 0x0000000711400000, 0x0000000711400000|100%| E|CS|TAMS 0x0000000711300000, 0x0000000711300000| Complete 
| 232|0x0000000711400000, 0x0000000711500000, 0x0000000711500000|100%| E|CS|TAMS 0x0000000711400000, 0x0000000711400000| Complete 
| 233|0x0000000711500000, 0x0000000711600000, 0x0000000711600000|100%| E|CS|TAMS 0x0000000711500000, 0x0000000711500000| Complete 
| 234|0x0000000711600000, 0x0000000711700000, 0x0000000711700000|100%| E|CS|TAMS 0x0000000711600000, 0x0000000711600000| Complete 
| 235|0x0000000711700000, 0x0000000711800000, 0x0000000711800000|100%| E|CS|TAMS 0x0000000711700000, 0x0000000711700000| Complete 
| 236|0x0000000711800000, 0x0000000711900000, 0x0000000711900000|100%| E|CS|TAMS 0x0000000711800000, 0x0000000711800000| Complete 
| 237|0x0000000711900000, 0x0000000711a00000, 0x0000000711a00000|100%| E|CS|TAMS 0x0000000711900000, 0x0000000711900000| Complete 
| 238|0x0000000711a00000, 0x0000000711b00000, 0x0000000711b00000|100%| E|CS|TAMS 0x0000000711a00000, 0x0000000711a00000| Complete 
| 239|0x0000000711b00000, 0x0000000711c00000, 0x0000000711c00000|100%| E|CS|TAMS 0x0000000711b00000, 0x0000000711b00000| Complete 
| 240|0x0000000711c00000, 0x0000000711d00000, 0x0000000711d00000|100%| E|CS|TAMS 0x0000000711c00000, 0x0000000711c00000| Complete 
| 241|0x0000000711d00000, 0x0000000711e00000, 0x0000000711e00000|100%| E|CS|TAMS 0x0000000711d00000, 0x0000000711d00000| Complete 
| 242|0x0000000711e00000, 0x0000000711f00000, 0x0000000711f00000|100%| E|CS|TAMS 0x0000000711e00000, 0x0000000711e00000| Complete 
| 243|0x0000000711f00000, 0x0000000712000000, 0x0000000712000000|100%| E|CS|TAMS 0x0000000711f00000, 0x0000000711f00000| Complete 
| 244|0x0000000712000000, 0x0000000712100000, 0x0000000712100000|100%| E|CS|TAMS 0x0000000712000000, 0x0000000712000000| Complete 
| 245|0x0000000712100000, 0x0000000712200000, 0x0000000712200000|100%| E|CS|TAMS 0x0000000712100000, 0x0000000712100000| Complete 
| 246|0x0000000712200000, 0x0000000712300000, 0x0000000712300000|100%| E|CS|TAMS 0x0000000712200000, 0x0000000712200000| Complete 
| 247|0x0000000712300000, 0x0000000712400000, 0x0000000712400000|100%| E|CS|TAMS 0x0000000712300000, 0x0000000712300000| Complete 
| 248|0x0000000712400000, 0x0000000712500000, 0x0000000712500000|100%| E|CS|TAMS 0x0000000712400000, 0x0000000712400000| Complete 
| 249|0x0000000712500000, 0x0000000712544f48, 0x0000000712600000| 26%| S|CS|TAMS 0x0000000712500000, 0x0000000712500000| Complete 
| 250|0x0000000712600000, 0x0000000712700000, 0x0000000712700000|100%| S|CS|TAMS 0x0000000712600000, 0x0000000712600000| Complete 
| 251|0x0000000712700000, 0x0000000712800000, 0x0000000712800000|100%| S|CS|TAMS 0x0000000712700000, 0x0000000712700000| Complete 
| 252|0x0000000712800000, 0x0000000712900000, 0x0000000712900000|100%| E|CS|TAMS 0x0000000712800000, 0x0000000712800000| Complete 
| 253|0x0000000712900000, 0x0000000712a00000, 0x0000000712a00000|100%| E|CS|TAMS 0x0000000712900000, 0x0000000712900000| Complete 

Card table byte_map: [0x00000280cced0000,0x00000280cd6c0000] _byte_map_base: 0x00000280c96ba000

Marking Bits (Prev, Next): (CMBitMap*) 0x00000280b4f0ef00, (CMBitMap*) 0x00000280b4f0eec8
 Prev Bits: [0x00000280d1e00000, 0x00000280d5d50000)
 Next Bits: [0x00000280cdeb0000, 0x00000280d1e00000)

Polling page: 0x00000280b2bc0000

Metaspace:

Usage:
  Non-class:     24.56 MB capacity,    24.30 MB ( 99%) used,   213.39 KB ( <1%) free+waste,    49.56 KB ( <1%) overhead. 
      Class:      3.79 MB capacity,     3.61 MB ( 95%) used,   151.95 KB (  4%) free+waste,    23.81 KB ( <1%) overhead. 
       Both:     28.35 MB capacity,    27.92 MB ( 98%) used,   365.34 KB (  1%) free+waste,    73.38 KB ( <1%) overhead. 

Virtual space:
  Non-class space:       30.00 MB reserved,      24.75 MB ( 83%) committed 
      Class space:        1.00 GB reserved,       3.88 MB ( <1%) committed 
             Both:        1.03 GB reserved,      28.63 MB (  3%) committed 

Chunk freelists:
   Non-Class:  256 bytes
       Class:  3.50 KB
        Both:  3.75 KB

CodeHeap 'non-profiled nmethods': size=120000Kb used=1077Kb max_used=1077Kb free=118922Kb
 bounds [0x00000280c4c60000, 0x00000280c4ed0000, 0x00000280cc190000]
CodeHeap 'profiled nmethods': size=120000Kb used=4081Kb max_used=4081Kb free=115918Kb
 bounds [0x00000280bd730000, 0x00000280bdb30000, 0x00000280c4c60000]
CodeHeap 'non-nmethods': size=5760Kb used=1167Kb max_used=1177Kb free=4592Kb
 bounds [0x00000280bd190000, 0x00000280bd400000, 0x00000280bd730000]
 total_blobs=3067 nmethods=2020 adapters=411
 compilation: enabled
              stopped_count=0, restarted_count=0
 full_count=0

Compilation events (10 events):
Event: 6.440 Thread 0x00000280d94a0800 nmethod 1964 0x00000280c4d69790 code [0x00000280c4d69940, 0x00000280c4d69a58]
Event: 6.453 Thread 0x00000280d949c000 1965       4       java.lang.String::indexOf (113 bytes)
Event: 6.454 Thread 0x00000280d949c000 nmethod 1965 0x00000280c4d69b10 code [0x00000280c4d69cc0, 0x00000280c4d6a018]
Event: 6.458 Thread 0x00000280d949c000 1966   !   4       jdk.internal.loader.URLClassPath$JarLoader::getResource (353 bytes)
Event: 6.465 Thread 0x00000280d94a0800 1967       3       scala.collection.IndexedSeq$class::$init$ (1 bytes)
Event: 6.465 Thread 0x00000280d94a0800 nmethod 1967 0x00000280bdb1c410 code [0x00000280bdb1c5c0, 0x00000280bdb1c6f8]
Event: 6.465 Thread 0x00000280d94a0800 1968       3       scala.collection.GenSetLike$class::$init$ (1 bytes)
Event: 6.465 Thread 0x00000280d94a0800 nmethod 1968 0x00000280bdb1c790 code [0x00000280bdb1c940, 0x00000280bdb1ca78]
Event: 6.465 Thread 0x00000280d94a0800 1969       3       scala.collection.generic.GenericSetTemplate$class::$init$ (1 bytes)
Event: 6.465 Thread 0x00000280d94a0800 nmethod 1969 0x00000280bdb1cb10 code [0x00000280bdb1ccc0, 0x00000280bdb1cdf8]

GC Heap History (8 events):
Event: 1.307 GC heap before
{Heap before GC invocations=0 (full 0):
 garbage-first heap   total 260096K, used 38912K [0x0000000702c00000, 0x0000000800000000)
  region size 1024K, 24 young (24576K), 0 survivors (0K)
 Metaspace       used 8542K, capacity 8677K, committed 8832K, reserved 1056768K
  class space    used 755K, capacity 804K, committed 896K, reserved 1048576K
}
Event: 1.312 GC heap after
{Heap after GC invocations=1 (full 0):
 garbage-first heap   total 260096K, used 32105K [0x0000000702c00000, 0x0000000800000000)
  region size 1024K, 3 young (3072K), 3 survivors (3072K)
 Metaspace       used 8542K, capacity 8677K, committed 8832K, reserved 1056768K
  class space    used 755K, capacity 804K, committed 896K, reserved 1048576K
}
Event: 2.398 GC heap before
{Heap before GC invocations=1 (full 0):
 garbage-first heap   total 260096K, used 45417K [0x0000000702c00000, 0x0000000800000000)
  region size 1024K, 17 young (17408K), 3 survivors (3072K)
 Metaspace       used 13739K, capacity 13950K, committed 14080K, reserved 1060864K
  class space    used 1632K, capacity 1713K, committed 1792K, reserved 1048576K
}
Event: 2.400 GC heap after
{Heap after GC invocations=2 (full 0):
 garbage-first heap   total 260096K, used 32740K [0x0000000702c00000, 0x0000000800000000)
  region size 1024K, 1 young (1024K), 1 survivors (1024K)
 Metaspace       used 13739K, capacity 13950K, committed 14080K, reserved 1060864K
  class space    used 1632K, capacity 1713K, committed 1792K, reserved 1048576K
}
Event: 4.052 GC heap before
{Heap before GC invocations=2 (full 0):
 garbage-first heap   total 260096K, used 68580K [0x0000000702c00000, 0x0000000800000000)
  region size 1024K, 36 young (36864K), 1 survivors (1024K)
 Metaspace       used 20296K, capacity 20709K, committed 20864K, reserved 1067008K
  class space    used 2524K, capacity 2681K, committed 2688K, reserved 1048576K
}
Event: 4.054 GC heap after
{Heap after GC invocations=3 (full 0):
 garbage-first heap   total 260096K, used 34183K [0x0000000702c00000, 0x0000000800000000)
  region size 1024K, 3 young (3072K), 3 survivors (3072K)
 Metaspace       used 20296K, capacity 20709K, committed 20864K, reserved 1067008K
  class space    used 2524K, capacity 2681K, committed 2688K, reserved 1048576K
}
Event: 4.122 GC heap before
{Heap before GC invocations=3 (full 0):
 garbage-first heap   total 260096K, used 35207K [0x0000000702c00000, 0x0000000800000000)
  region size 1024K, 5 young (5120K), 3 survivors (3072K)
 Metaspace       used 20844K, capacity 21165K, committed 21248K, reserved 1067008K
  class space    used 2607K, capacity 2750K, committed 2816K, reserved 1048576K
}
Event: 4.125 GC heap after
{Heap after GC invocations=4 (full 0):
 garbage-first heap   total 260096K, used 34357K [0x0000000702c00000, 0x0000000800000000)
  region size 1024K, 3 young (3072K), 3 survivors (3072K)
 Metaspace       used 20844K, capacity 21165K, committed 21248K, reserved 1067008K
  class space    used 2607K, capacity 2750K, committed 2816K, reserved 1048576K
}

Deoptimization events (10 events):
Event: 3.677 Thread 0x00000280b2ced800 Uncommon trap: reason=unstable_if action=reinterpret pc=0x00000280c4c76a54 method=java.lang.StringLatin1.canEncode(I)Z @ 4 c2
Event: 3.678 Thread 0x00000280b2ced800 Uncommon trap: reason=unstable_if action=reinterpret pc=0x00000280c4cea5fc method=java.lang.StringUTF16.compress([CII)[B @ 13 c2
Event: 3.678 Thread 0x00000280b2ced800 Uncommon trap: reason=unstable_if action=reinterpret pc=0x00000280c4c95330 method=java.lang.StringUTF16.compress([CI[BII)I @ 20 c2
Event: 3.701 Thread 0x00000280b2ced800 Uncommon trap: reason=unstable_if action=reinterpret pc=0x00000280c4c907b4 method=java.lang.AbstractStringBuilder.putStringAt(ILjava/lang/String;)V @ 8 c2
Event: 3.701 Thread 0x00000280b2ced800 Uncommon trap: reason=unstable_if action=reinterpret pc=0x00000280c4c9d5bc method=java.lang.AbstractStringBuilder.putStringAt(ILjava/lang/String;)V @ 8 c2
Event: 3.701 Thread 0x00000280b2ced800 Uncommon trap: reason=unstable_if action=reinterpret pc=0x00000280c4c92674 method=java.lang.String.getBytes([BIB)V @ 5 c2
Event: 3.701 Thread 0x00000280b2ced800 Uncommon trap: reason=unstable_if action=reinterpret pc=0x00000280c4c7a998 method=java.lang.AbstractStringBuilder.isLatin1()Z @ 10 c2
Event: 3.701 Thread 0x00000280b2ced800 Uncommon trap: reason=unstable_if action=reinterpret pc=0x00000280c4cbacdc method=java.lang.AbstractStringBuilder.isLatin1()Z @ 10 c2
Event: 4.445 Thread 0x00000280b2ced800 Uncommon trap: reason=unstable_if action=reinterpret pc=0x00000280c4d2445c method=java.util.WeakHashMap.expungeStaleEntries()V @ 9 c2
Event: 5.353 Thread 0x00000280b2ced800 Uncommon trap: reason=unstable_if action=reinterpret pc=0x00000280c4cb3904 method=java.lang.StringCoding.encodeUTF8(B[BZ)[B @ 2 c2

Classes redefined (0 events):
No events

Internal exceptions (10 events):
Event: 3.636 Thread 0x00000280b2ced800 Exception <a 'sun/nio/fs/WindowsException'{0x0000000710fea2a0}> (0x0000000710fea2a0) thrown at [t:/workspace/open/src/hotspot/share/prims/jni.cpp, line 615]
Event: 3.637 Thread 0x00000280b2ced800 Exception <a 'sun/nio/fs/WindowsException'{0x0000000710fea620}> (0x0000000710fea620) thrown at [t:/workspace/open/src/hotspot/share/prims/jni.cpp, line 615]
Event: 3.637 Thread 0x00000280b2ced800 Exception <a 'java/lang/reflect/InvocationTargetException'{0x0000000710fee0a0}> (0x0000000710fee0a0) thrown at [t:/workspace/open/src/hotspot/share/runtime/reflection.cpp, line 1242]
Event: 4.075 Thread 0x00000280b2ced800 Exception <a 'java/lang/ClassNotFoundException'{0x0000000712963f70}: sun/security/util/spi/AuthResourcesProvider> (0x0000000712963f70) thrown at [t:/workspace/open/src/hotspot/share/classfile/systemDictionary.cpp, line 231]
Event: 4.087 Thread 0x00000280b2ced800 Exception <a 'java/lang/NoSuchMethodError'{0x00000007129dad58}: java.lang.invoke.DirectMethodHandle$Holder.invokeSpecial(Ljava/lang/Object;Ljava/lang/Object;IILjava/lang/Object;III)Ljava/lang/Object;> (0x00000007129dad58) thrown at [t:/workspace/open/src/
Event: 4.088 Thread 0x00000280b2ced800 Exception <a 'java/lang/NoSuchMethodError'{0x00000007129de180}: java.lang.invoke.DelegatingMethodHandle$Holder.reinvoke_L(Ljava/lang/Object;IILjava/lang/Object;III)Ljava/lang/Object;> (0x00000007129de180) thrown at [t:/workspace/open/src/hotspot/share/int
Event: 4.089 Thread 0x00000280b2ced800 Exception <a 'java/lang/NoSuchMethodError'{0x0000000712803e38}: java.lang.invoke.DirectMethodHandle$Holder.invokeSpecial(Ljava/lang/Object;Ljava/lang/Object;Ljava/lang/Object;III)Ljava/lang/Object;> (0x0000000712803e38) thrown at [t:/workspace/open/src/ho
Event: 4.089 Thread 0x00000280b2ced800 Exception <a 'java/lang/NoSuchMethodError'{0x0000000712807258}: java.lang.invoke.Invokers$Holder.linkToTargetMethod(Ljava/lang/Object;IIILjava/lang/Object;)Ljava/lang/Object;> (0x0000000712807258) thrown at [t:/workspace/open/src/hotspot/share/interpreter
Event: 5.345 Thread 0x00000280b2ced800 Exception <a 'java/lang/NoSuchMethodError'{0x0000000710a4a9a8}: java.lang.invoke.DirectMethodHandle$Holder.invokeStaticInit(Ljava/lang/Object;IIII)Ljava/lang/Object;> (0x0000000710a4a9a8) thrown at [t:/workspace/open/src/hotspot/share/interpreter/linkReso
Event: 5.595 Thread 0x00000280b2ced800 Exception <a 'java/lang/NoSuchMethodError'{0x0000000710a84730}: java.lang.invoke.DirectMethodHandle$Holder.invokeStaticInit(Ljava/lang/Object;Ljava/lang/Object;IIII)Ljava/lang/Object;> (0x0000000710a84730) thrown at [t:/workspace/open/src/hotspot/share/in

Events (10 events):
Event: 6.470 loading class scala/xml/MinimizeMode$
Event: 6.470 loading class scala/xml/MinimizeMode$ done
Event: 6.471 loading class scala/Enumeration
Event: 6.471 loading class scala/Enumeration done
Event: 6.472 loading class scala/Enumeration$Value
Event: 6.472 loading class scala/Enumeration$Value done
Event: 6.472 loading class scala/Enumeration$Val
Event: 6.472 loading class scala/Enumeration$Val done
Event: 6.473 loading class scala/xml/Comment
Event: 6.473 loading class scala/xml/Comment done


Dynamic libraries:
0x00007ff7ab1e0000 - 0x00007ff7ab227000 	F:\java11\bin\java.exe
0x00007ffcf8e10000 - 0x00007ffcf8ffd000 	C:\Windows\SYSTEM32\ntdll.dll
0x00007ffcf8350000 - 0x00007ffcf8403000 	C:\Windows\System32\KERNEL32.DLL
0x00007ffcf5890000 - 0x00007ffcf5b25000 	C:\Windows\System32\KERNELBASE.dll
0x00007ffcf8be0000 - 0x00007ffcf8c83000 	C:\Windows\System32\ADVAPI32.dll
0x00007ffcf6120000 - 0x00007ffcf61be000 	C:\Windows\System32\msvcrt.dll
0x00007ffcf6800000 - 0x00007ffcf689e000 	C:\Windows\System32\sechost.dll
0x00007ffcf8410000 - 0x00007ffcf8532000 	C:\Windows\System32\RPCRT4.dll
0x00007ffcf62d0000 - 0x00007ffcf6467000 	C:\Windows\System32\USER32.dll
0x00007ffcf5870000 - 0x00007ffcf5890000 	C:\Windows\System32\win32u.dll
0x00007ffcf8d00000 - 0x00007ffcf8d29000 	C:\Windows\System32\GDI32.dll
0x00007ffcf5c00000 - 0x00007ffcf5d9a000 	C:\Windows\System32\gdi32full.dll
0x00007ffcf5b60000 - 0x00007ffcf5c00000 	C:\Windows\System32\msvcp_win.dll
0x00007ffcf5770000 - 0x00007ffcf586a000 	C:\Windows\System32\ucrtbase.dll
0x00007ffce3bd0000 - 0x00007ffce3e49000 	C:\Windows\WinSxS\amd64_microsoft.windows.common-controls_6595b64144ccf1df_6.0.17763.1282_none_de75b6f253473c0f\COMCTL32.dll
0x00007ffcf7e10000 - 0x00007ffcf813c000 	C:\Windows\System32\combase.dll
0x00007ffce9c10000 - 0x00007ffce9c1a000 	C:\Windows\SYSTEM32\VERSION.dll
0x00007ffcf5620000 - 0x00007ffcf569e000 	C:\Windows\System32\bcryptPrimitives.dll
0x00007ffcf6240000 - 0x00007ffcf626e000 	C:\Windows\System32\IMM32.DLL
0x00007ffcead60000 - 0x00007ffcead76000 	F:\java11\bin\vcruntime140.dll
0x00007ffcc9f60000 - 0x00007ffcca00a000 	F:\java11\bin\msvcp140.dll
0x00007ffca6170000 - 0x00007ffca6cb2000 	F:\java11\bin\server\jvm.dll
0x00007ffcf8cf0000 - 0x00007ffcf8cf8000 	C:\Windows\System32\PSAPI.DLL
0x00007ffcf2e80000 - 0x00007ffcf2ea4000 	C:\Windows\SYSTEM32\WINMM.dll
0x00007ffcef460000 - 0x00007ffcef469000 	C:\Windows\SYSTEM32\WSOCK32.dll
0x00007ffcf65a0000 - 0x00007ffcf660d000 	C:\Windows\System32\WS2_32.dll
0x00007ffcf2e50000 - 0x00007ffcf2e7d000 	C:\Windows\SYSTEM32\winmmbase.dll
0x00007ffcf5e00000 - 0x00007ffcf5e4a000 	C:\Windows\System32\cfgmgr32.dll
0x00007ffcf4eb0000 - 0x00007ffcf4ec1000 	C:\Windows\System32\kernel.appcore.dll
0x00007ffce3990000 - 0x00007ffce39a1000 	F:\java11\bin\verify.dll
0x00007ffceeb70000 - 0x00007ffceed5d000 	C:\Windows\SYSTEM32\DBGHELP.DLL
0x00007ffcee3b0000 - 0x00007ffcee3da000 	C:\Windows\SYSTEM32\dbgcore.DLL
0x00007ffce11e0000 - 0x00007ffce1209000 	F:\java11\bin\java.dll
0x00007ffcdce60000 - 0x00007ffcdce8f000 	F:\java11\bin\instrument.dll
0x00007ffce3970000 - 0x00007ffce3986000 	F:\java11\bin\zip.dll
0x00007ffcef3f0000 - 0x00007ffcef3fa000 	F:\java11\bin\jimage.dll
0x00007ffcf68a0000 - 0x00007ffcf7d98000 	C:\Windows\System32\SHELL32.dll
0x00007ffcf89c0000 - 0x00007ffcf8a68000 	C:\Windows\System32\shcore.dll
0x00007ffcf4ed0000 - 0x00007ffcf561f000 	C:\Windows\System32\windows.storage.dll
0x00007ffcf4e60000 - 0x00007ffcf4e84000 	C:\Windows\System32\profapi.dll
0x00007ffcf4e00000 - 0x00007ffcf4e5d000 	C:\Windows\System32\powrprof.dll
0x00007ffcf8140000 - 0x00007ffcf8192000 	C:\Windows\System32\shlwapi.dll
0x00007ffcf5750000 - 0x00007ffcf5767000 	C:\Windows\System32\cryptsp.dll
0x00007ffce11c0000 - 0x00007ffce11d9000 	F:\java11\bin\net.dll
0x00007ffcea670000 - 0x00007ffcea762000 	C:\Windows\SYSTEM32\WINHTTP.dll
0x00007ffcf4660000 - 0x00007ffcf46c7000 	C:\Windows\system32\mswsock.dll
0x00007ffce09e0000 - 0x00007ffce09f3000 	F:\java11\bin\nio.dll
0x00007ffcdfb10000 - 0x00007ffcdfb2a000 	E:\IDE\IDEA\IntelliJ IDEA 2019.2.4\bin\breakgen64.dll
0x00007ffce2110000 - 0x00007ffce213f000 	C:\Program Files (x86)\Sangfor\SSL\ClientComponent2\SangforNspX64.dll
0x00007ffcf8a80000 - 0x00007ffcf8bd5000 	C:\Windows\System32\ole32.dll
0x00007ffcf6030000 - 0x00007ffcf60f4000 	C:\Windows\System32\OLEAUT32.dll
0x00007ffcd7550000 - 0x00007ffcd7566000 	C:\Windows\system32\napinsp.dll
0x00007ffcd5960000 - 0x00007ffcd597a000 	C:\Windows\system32\pnrpnsp.dll
0x00007ffcf43c0000 - 0x00007ffcf4487000 	C:\Windows\SYSTEM32\DNSAPI.dll
0x00007ffcf8a70000 - 0x00007ffcf8a78000 	C:\Windows\System32\NSI.dll
0x00007ffcf4380000 - 0x00007ffcf43bd000 	C:\Windows\SYSTEM32\IPHLPAPI.DLL
0x00007ffcdfbb0000 - 0x00007ffcdfbbe000 	C:\Windows\System32\winrnr.dll
0x00007ffcef100000 - 0x00007ffcef11b000 	C:\Windows\system32\NLAapi.dll
0x00007ffce0560000 - 0x00007ffce0575000 	C:\Windows\system32\wshbth.dll
0x00007ffce9c40000 - 0x00007ffce9dbb000 	C:\Program Files (x86)\Sangfor\SSL\ClientComponent2\SangforTcpX64.dll
0x00007ffcf5da0000 - 0x00007ffcf5df9000 	C:\Windows\System32\WINTRUST.dll
0x00007ffcf4e90000 - 0x00007ffcf4ea2000 	C:\Windows\System32\MSASN1.dll
0x00007ffcf5e50000 - 0x00007ffcf602c000 	C:\Windows\System32\CRYPT32.dll
0x00007ffcea920000 - 0x00007ffcea92a000 	C:\Windows\System32\rasadhlp.dll
0x00007ffceab00000 - 0x00007ffceab79000 	C:\Windows\System32\fwpuclnt.dll
0x00007ffcf5b30000 - 0x00007ffcf5b56000 	C:\Windows\System32\bcrypt.dll
0x00007ffceae50000 - 0x00007ffceae59000 	F:\java11\bin\management.dll
0x00007ffceae40000 - 0x00007ffceae4c000 	F:\java11\bin\management_ext.dll
0x00007ffce66e0000 - 0x00007ffce66ea000 	F:\java11\bin\w2k_lsa_auth.dll
0x00007ffce2f80000 - 0x00007ffce2f8c000 	C:\Windows\SYSTEM32\Secur32.dll
0x00007ffcf4d20000 - 0x00007ffcf4d56000 	C:\Windows\SYSTEM32\SSPICLI.DLL
0x00007ffce3a10000 - 0x00007ffce3a19000 	F:\java11\bin\jaas.dll
0x00007ffcf41e0000 - 0x00007ffcf4213000 	C:\Windows\system32\rsaenh.dll
0x00007ffcf4cf0000 - 0x00007ffcf4d18000 	C:\Windows\SYSTEM32\USERENV.dll
0x00007ffcf4830000 - 0x00007ffcf483c000 	C:\Windows\SYSTEM32\CRYPTBASE.dll
0x00007ffcee3e0000 - 0x00007ffcee3f6000 	C:\Windows\SYSTEM32\dhcpcsvc6.DLL
0x00007ffcee390000 - 0x00007ffcee3ac000 	C:\Windows\SYSTEM32\dhcpcsvc.DLL

dbghelp: loaded successfully - version: 4.0.5 - missing functions: none
symbol engine: initialized successfully - sym options: 0x614 - pdb path: .;F:\java11\bin;C:\Windows\SYSTEM32;C:\Windows\WinSxS\amd64_microsoft.windows.common-controls_6595b64144ccf1df_6.0.17763.1282_none_de75b6f253473c0f;F:\java11\bin\server;E:\IDE\IDEA\IntelliJ IDEA 2019.2.4\bin;C:\Program Files (x86)\Sangfor\SSL\ClientComponent2

VM Arguments:
jvm_args: -javaagent:E:\IDE\IDEA\IntelliJ IDEA 2019.2.4\lib\idea_rt.jar=54045:E:\IDE\IDEA\IntelliJ IDEA 2019.2.4\bin -Dfile.encoding=UTF-8 
java_command: sparksql.wc.SparkWordCount
java_class_path (initial): X:\code\spark\target\classes;C:\Users\lengo\.m2\repository\org\scala-lang\scala-library\2.11.12\scala-library-2.11.12.jar;C:\Users\lengo\.m2\repository\org\apache\spark\spark-sql_2.11\2.4.5\spark-sql_2.11-2.4.5.jar;C:\Users\lengo\.m2\repository\com\univocity\univocity-parsers\2.7.3\univocity-parsers-2.7.3.jar;C:\Users\lengo\.m2\repository\org\apache\spark\spark-sketch_2.11\2.4.5\spark-sketch_2.11-2.4.5.jar;C:\Users\lengo\.m2\repository\org\apache\spark\spark-core_2.11\2.4.5\spark-core_2.11-2.4.5.jar;C:\Users\lengo\.m2\repository\com\thoughtworks\paranamer\paranamer\2.8\paranamer-2.8.jar;C:\Users\lengo\.m2\repository\com\twitter\chill_2.11\0.9.3\chill_2.11-0.9.3.jar;C:\Users\lengo\.m2\repository\com\esotericsoftware\kryo-shaded\4.0.2\kryo-shaded-4.0.2.jar;C:\Users\lengo\.m2\repository\com\esotericsoftware\minlog\1.3.0\minlog-1.3.0.jar;C:\Users\lengo\.m2\repository\org\objenesis\objenesis\2.5.1\objenesis-2.5.1.jar;C:\Users\lengo\.m2\repository\com\twitter\chill-java\0.9.3\chill-java-0.9.3.jar;C:\Users\lengo\.m2\repository\org\apache\spark\spark-launcher_2.11\2.4.5\spark-launcher_2.11-2.4.5.jar;C:\Users\lengo\.m2\repository\org\apache\spark\spark-kvstore_2.11\2.4.5\spark-kvstore_2.11-2.4.5.jar;C:\Users\lengo\.m2\repository\org\apache\spark\spark-network-common_2.11\2.4.5\spark-network-common_2.11-2.4.5.jar;C:\Users\lengo\.m2\repository\org\apache\spark\spark-network-shuffle_2.11\2.4.5\spark-network-shuffle_2.11-2.4.5.jar;C:\Users\lengo\.m2\repository\org\apache\spark\spark-unsafe_2.11\2.4.5\spark-unsafe_2.11-2.4.5.jar;C:\Users\lengo\.m2\repository\javax\activation\activation\1.1.1\activation-1.1.1.jar;C:\Users\lengo\.m2\repository\org\apache\curator\curator-recipes\2.6.0\curator-recipes-2.6.0.jar;C:\Users\lengo\.m2\repository\javax\servlet\javax.servlet-api\3.1.0\javax.servlet-api-3.1.0.jar;C:\Users\lengo\.m2\repository\org\apache\commons\commons-math3\3.4.1\commons-math3-3.4.1.jar;C:\Users\lengo\.m2\repository\org\slf4j\jul-to-slf4j\1.7.16
Launcher Type: SUN_STANDARD

[Global flags]
     intx CICompilerCount                          = 4                                         {product} {ergonomic}
     uint ConcGCThreads                            = 3                                         {product} {ergonomic}
     uint G1ConcRefinementThreads                  = 10                                        {product} {ergonomic}
   size_t G1HeapRegionSize                         = 1048576                                   {product} {ergonomic}
    uintx GCDrainStackTargetSize                   = 64                                        {product} {ergonomic}
   size_t InitialHeapSize                          = 266338304                                 {product} {ergonomic}
   size_t MarkStackSize                            = 4194304                                   {product} {ergonomic}
   size_t MaxHeapSize                              = 4248829952                                {product} {ergonomic}
   size_t MaxNewSize                               = 2549088256                                {product} {ergonomic}
   size_t MinHeapDeltaBytes                        = 1048576                                   {product} {ergonomic}
    uintx NonNMethodCodeHeapSize                   = 5835340                                {pd product} {ergonomic}
    uintx NonProfiledCodeHeapSize                  = 122911450                              {pd product} {ergonomic}
    uintx ProfiledCodeHeapSize                     = 122911450                              {pd product} {ergonomic}
    uintx ReservedCodeCacheSize                    = 251658240                              {pd product} {ergonomic}
     bool SegmentedCodeCache                       = true                                      {product} {ergonomic}
     bool UseCompressedClassPointers               = true                                 {lp64_product} {ergonomic}
     bool UseCompressedOops                        = true                                 {lp64_product} {ergonomic}
     bool UseG1GC                                  = true                                      {product} {ergonomic}
     bool UseLargePagesIndividualAllocation        = false                                  {pd product} {ergonomic}

Logging:
Log output configuration:
 #0: stdout all=warning uptime,level,tags
 #1: stderr all=off uptime,level,tags

Environment Variables:
JAVA_HOME=F:\java11
CLASSPATH=.;E:\IDE\scala-2.11.12\bin;E:\IDE\scala-2.11.12\lib\dt.jar;E:\IDE\scala-2.11.12\lib\tools.jar.;F:\java11\lib;
PATH=E:\Èí¼þ\xshell\;F:\python\anaconda\Scripts\;F:\python\anaconda\;E:\Èí¼þ\xftp\;%;ystemRoot%\system32;C:\Windows;C:\Windows\System32\Wbem;C:\Windows\System32\WindowsPowerShell\v1.0\;C:\Windows\System32\OpenSSH\;\IDE\node\;E:\IDE\yarn\bin\;E:\Èí¼þ\Git\cmd;C:\Users\lengo\AppData\Roaming\npm;E:\IDE\scala-2.11.12\bin;E:\IDE\spark-3.0.0-bin-hadoop2.7\bin;E:\IDE\spark-3.0.0-bin-hadoop2.7;E:\IDE\hadoop-2.7.7\bin;E:\IDE\spark-3.0.0-bin-hadoop2.7\sbin;C:\Windows\System32;E:\IDE\sbt\bin;E:\Èí¼þ\Git LFS;F:\java11\bin;C:\Users\lengo\AppData\Local\Microsoft\WindowsApps;E:\IDE\IDEA\PyCharm\bin;;C:\Users\lengo\AppData\Roaming\npm;E:\IDE\node;C:\Users\lengo\AppData\Local\Yarn\bin;E:\IDE\yarn\bin;C:\Users\lengo\AppData\Roaming\npm;E:\IDE\IDEA\IntelliJ IDEA 2019.2.4\bin;;E:\Èí¼þ\xshell\;C:\Program Files (x86)\Common Files\Oracle\Java\javapath;F:\python\anaconda\Scripts\;F:\python\anaconda\;E:\Èí¼þ\xftp\;%;ystemRoot%\system32;C:\Windows;C:\Windows\System32\Wbem;C:\Windows\System32\WindowsPowerShell\v1.0\;C:\Windows\System32\OpenSSH\;\IDE\node\;E:\IDE\yarn\bin\;E:\IDE\yarn\bin;E:\Èí¼þ\Git\cmd;C:\Users\lengo\AppData\Roaming\npm;E:\IDE\java8\bin;E:\IDE\java8;E:\IDE\scala-2.11.12\bin;E:\IDE\spark-2.4.4-bin-hadoop2.7\bin;E:\IDE\spark-2.4.4-bin-hadoop2.7;E:\IDE\hadoop-2.7.7\bin;E:\Èí¼þ\putty\;E:\IDE\spark-2.4.4-bin-hadoop2.7\sbin;E:\IDE\spark-2.4.4-bin-hadoop2.7\sbin;F:\java11\bin;
USERNAME=lengo
OS=Windows_NT
PROCESSOR_IDENTIFIER=Intel64 Family 6 Model 158 Stepping 10, GenuineIntel



---------------  S Y S T E M  ---------------

OS: Windows 10 , 64 bit Build 17763 (10.0.17763.1158)

CPU:total 12 (initial active 12) (6 cores per cpu, 2 threads per core) family 6 model 158 stepping 10, cmov, cx8, fxsr, mmx, sse, sse2, sse3, ssse3, sse4.1, sse4.2, popcnt, avx, avx2, aes, clmul, erms, rtm, 3dnowpref, lzcnt, ht, tsc, tscinvbit, bmi1, bmi2, adx, fma

Memory: 4k page, system-wide physical 16204M (3338M free)
TotalPageFile size 25087M (AvailPageFile size 4M)
current process WorkingSet (physical memory assigned to process): 170M, peak: 170M
current process commit charge ("private bytes"): 397M, peak: 399M

vm_info: Java HotSpot(TM) 64-Bit Server VM (11+28) for windows-amd64 JRE (11+28), built on Aug 23 2018 03:03:59 by "mach5one" with MS VC++ 15.5 (VS2017)

END.
